Build started 9/27/2014 11:55:34 AM.
     1>Project "E:\Academy\C++\Examples\8. Полиморфизм\8. Абстрактный базовый класс\Абстрактный базовый класс\Абстрактный базовый класс.vcxproj" on node 2 (Build target(s)).
     1>ClCompile:
         C:\Program Files (x86)\Microsoft Visual Studio 12.0\VC\bin\CL.exe /c /ZI /nologo /W4 /WX /sdl /Od /Oy- /D WIN32 /D _DEBUG /D _CONSOLE /D _LIB /D _UNICODE /D UNICODE /Gm /EHsc /RTC1 /MDd /GS /fp:precise /Zc:wchar_t /Zc:forScope /Fo"Debug\\" /Fd"Debug\vc120.pdb" /Gd /TP /analyze- /errorReport:prompt Circle.cpp Figure.cpp Main.cpp Rectangle.cpp Triangle.cpp
         Main.cpp
         Generating Code...
         Skipping... (no relevant changes detected)
         Triangle.cpp
         Rectangle.cpp
         Figure.cpp
         Circle.cpp
       Link:
         C:\Program Files (x86)\Microsoft Visual Studio 12.0\VC\bin\link.exe /ERRORREPORT:PROMPT /OUT:"E:\Academy\C++\Examples\8. Полиморфизм\8. Абстрактный базовый класс\Debug\Абстрактный базовый класс.exe" /INCREMENTAL /NOLOGO kernel32.lib user32.lib gdi32.lib winspool.lib comdlg32.lib advapi32.lib shell32.lib ole32.lib oleaut32.lib uuid.lib odbc32.lib odbccp32.lib /MANIFEST /MANIFESTUAC:"level='asInvoker' uiAccess='false'" /manifest:embed /DEBUG /PDB:"E:\Academy\C++\Examples\8. Полиморфизм\8. Абстрактный базовый класс\Debug\Абстрактный базовый класс.pdb" /SUBSYSTEM:CONSOLE /TLBID:1 /DYNAMICBASE /NXCOMPAT /IMPLIB:"E:\Academy\C++\Examples\8. Полиморфизм\8. Абстрактный базовый класс\Debug\Абстрактный базовый класс.lib" /MACHINE:X86 Debug\Circle.obj
         Debug\Figure.obj
         Debug\Main.obj
         Debug\Rectangle.obj
         Debug\Triangle.obj
         Абстрактный базовый класс.vcxproj -> E:\Academy\C++\Examples\8. Полиморфизм\8. Абстрактный базовый класс\Debug\Абстрактный базовый класс.exe
     1>Done Building Project "E:\Academy\C++\Examples\8. Полиморфизм\8. Абстрактный базовый класс\Абстрактный базовый класс\Абстрактный базовый класс.vcxproj" (Build target(s)).

Build succeeded.

Time Elapsed 00:00:02.80
