e:\academy\c++\examples\8. полиморфизм\8. абстрактный базовый класс\абстрактный базовый класс\debug\vc120.pdb
e:\academy\c++\examples\8. полиморфизм\8. абстрактный базовый класс\абстрактный базовый класс\debug\vc120.idb
e:\academy\c++\examples\8. полиморфизм\8. абстрактный базовый класс\абстрактный базовый класс\debug\circle.obj
e:\academy\c++\examples\8. полиморфизм\8. абстрактный базовый класс\абстрактный базовый класс\debug\figure.obj
e:\academy\c++\examples\8. полиморфизм\8. абстрактный базовый класс\абстрактный базовый класс\debug\main.obj
e:\academy\c++\examples\8. полиморфизм\8. абстрактный базовый класс\абстрактный базовый класс\debug\rectangle.obj
e:\academy\c++\examples\8. полиморфизм\8. абстрактный базовый класс\абстрактный базовый класс\debug\triangle.obj
e:\academy\c++\examples\8. полиморфизм\8. абстрактный базовый класс\debug\абстрактный базовый класс.pdb
e:\academy\c++\examples\8. полиморфизм\8. абстрактный базовый класс\абстрактный базовый класс\debug\абстракт.98e68aa8.tlog\cl.command.1.tlog
e:\academy\c++\examples\8. полиморфизм\8. абстрактный базовый класс\абстрактный базовый класс\debug\абстракт.98e68aa8.tlog\cl.read.1.tlog
e:\academy\c++\examples\8. полиморфизм\8. абстрактный базовый класс\абстрактный базовый класс\debug\абстракт.98e68aa8.tlog\cl.write.1.tlog
e:\academy\c++\examples\8. полиморфизм\8. абстрактный базовый класс\абстрактный базовый класс\debug\абстракт.98e68aa8.tlog\link.4776-cvtres.read.1.tlog
e:\academy\c++\examples\8. полиморфизм\8. абстрактный базовый класс\абстрактный базовый класс\debug\абстракт.98e68aa8.tlog\link.4776-cvtres.write.1.tlog
e:\academy\c++\examples\8. полиморфизм\8. абстрактный базовый класс\абстрактный базовый класс\debug\абстракт.98e68aa8.tlog\link.4776-rc.read.1.tlog
e:\academy\c++\examples\8. полиморфизм\8. абстрактный базовый класс\абстрактный базовый класс\debug\абстракт.98e68aa8.tlog\link.4776-rc.write.1.tlog
e:\academy\c++\examples\8. полиморфизм\8. абстрактный базовый класс\абстрактный базовый класс\debug\абстракт.98e68aa8.tlog\link.4776.read.1.tlog
e:\academy\c++\examples\8. полиморфизм\8. абстрактный базовый класс\абстрактный базовый класс\debug\абстракт.98e68aa8.tlog\link.4776.write.1.tlog
e:\academy\c++\examples\8. полиморфизм\8. абстрактный базовый класс\абстрактный базовый класс\debug\абстракт.98e68aa8.tlog\link.command.1.tlog
e:\academy\c++\examples\8. полиморфизм\8. абстрактный базовый класс\абстрактный базовый класс\debug\абстракт.98e68aa8.tlog\link.read.1.tlog
e:\academy\c++\examples\8. полиморфизм\8. абстрактный базовый класс\абстрактный базовый класс\debug\абстракт.98e68aa8.tlog\link.write.1.tlog
